<?xml version="1.0" encoding="utf-8"?><testsuites name="pytest tests"><testsuite name="pytest" errors="0" failures="0" skipped="0" tests="11" time="4.875" timestamp="2026-02-19T13:50:41.016035+00:00" hostname="agent-env-8ac50792-44c2-482c-be1b-198a4e60346c"><testcase classname="tests.test_bug_fixes_iter28.TestAuthentication" name="test_login" time="0.525" /><testcase classname="tests.test_bug_fixes_iter28.TestLoadingPageParcelFiltering" name="test_shipments_filter_by_trip_id" time="0.512" /><testcase classname="tests.test_bug_fixes_iter28.TestLoadingPageParcelFiltering" name="test_shipments_filter_by_status_and_trip" time="0.160" /><testcase classname="tests.test_bug_fixes_iter28.TestInvoiceNumberEnrichment" name="test_shipments_have_invoice_number_field" time="0.475" /><testcase classname="tests.test_bug_fixes_iter28.TestInvoiceClientSnapshot" name="test_invoice_stores_client_snapshot" time="0.548" /><testcase classname="tests.test_bug_fixes_iter28.TestInvoicePDFDownload" name="test_invoice_pdf_endpoint_exists" time="0.483" /><testcase classname="tests.test_bug_fixes_iter28.TestInvoiceDelete" name="test_delete_draft_invoice" time="0.583" /><testcase classname="tests.test_bug_fixes_iter28.TestTripWorksheetPDF" name="test_trip_worksheet_pdf_endpoint" time="0.448" /><testcase classname="tests.test_bug_fixes_iter28.TestClientSchemaNewFields" name="test_client_accepts_new_fields" time="0.451" /><testcase classname="tests.test_bug_fixes_iter28.TestClientSchemaNewFields" name="test_client_update_new_fields" time="0.200" /><testcase classname="tests.test_bug_fixes_iter28.TestShipmentSequenceFields" name="test_shipment_schema_has_sequence_fields" time="0.430" /></testsuite></testsuites>