<?xml version="1.0" encoding="utf-8"?><testsuites name="pytest tests"><testsuite name="pytest" errors="0" failures="0" skipped="0" tests="12" time="6.391" timestamp="2026-02-19T22:02:34.864996+00:00" hostname="agent-env-fbaebf06-cd4b-4679-b6f0-8739c3d9dfc4"><testcase classname="backend.tests.test_csv_import_export_iter32.TestClientExport" name="test_client_export_returns_csv" time="0.674" /><testcase classname="backend.tests.test_csv_import_export_iter32.TestClientExport" name="test_client_export_has_correct_headers" time="0.500" /><testcase classname="backend.tests.test_csv_import_export_iter32.TestClientExport" name="test_client_export_contains_data" time="0.511" /><testcase classname="backend.tests.test_csv_import_export_iter32.TestClientImport" name="test_client_import_endpoint_exists" time="0.472" /><testcase classname="backend.tests.test_csv_import_export_iter32.TestClientImport" name="test_client_import_success" time="0.455" /><testcase classname="backend.tests.test_csv_import_export_iter32.TestParcelImport" name="test_parcel_import_endpoint_exists" time="0.491" /><testcase classname="backend.tests.test_csv_import_export_iter32.TestParcelImport" name="test_parcel_import_creates_multiple_for_qty" time="0.473" /><testcase classname="backend.tests.test_csv_import_export_iter32.TestInvoiceLineItems" name="test_invoice_list_endpoint" time="0.441" /><testcase classname="backend.tests.test_csv_import_export_iter32.TestInvoiceLineItems" name="test_invoice_detail_has_line_items" time="0.744" /><testcase classname="backend.tests.test_csv_import_export_iter32.TestInvoiceLineItems" name="test_invoice_line_item_structure" time="0.488" /><testcase classname="backend.tests.test_csv_import_export_iter32.TestSettingsCurrencies" name="test_currencies_endpoint" time="0.518" /><testcase classname="backend.tests.test_csv_import_export_iter32.TestClients" name="test_clients_list" time="0.484" /></testsuite></testsuites>