<?xml version="1.0" encoding="utf-8"?><testsuites name="pytest tests"><testsuite name="pytest" errors="0" failures="0" skipped="0" tests="11" time="6.315" timestamp="2026-02-19T15:01:49.685120+00:00" hostname="agent-env-a95dbcef-7c8e-47ef-b804-86863f3f45e4"><testcase classname="tests.test_finance_features_iter31.TestCurrencySettings" name="test_get_currencies_endpoint" time="0.590" /><testcase classname="tests.test_finance_features_iter31.TestCurrencySettings" name="test_currencies_have_required_fields" time="0.455" /><testcase classname="tests.test_finance_features_iter31.TestFinanceEndpoints" name="test_client_statements_endpoint" time="0.591" /><testcase classname="tests.test_finance_features_iter31.TestFinanceEndpoints" name="test_overdue_invoices_endpoint" time="0.569" /><testcase classname="tests.test_finance_features_iter31.TestWhatsAppLogging" name="test_whatsapp_log_endpoint_success" time="0.547" /><testcase classname="tests.test_finance_features_iter31.TestWhatsAppLogging" name="test_whatsapp_log_invalid_invoice" time="0.707" /><testcase classname="tests.test_finance_features_iter31.TestTripWorksheets" name="test_trip_worksheet_endpoint" time="0.507" /><testcase classname="tests.test_finance_features_iter31.TestInvoicePDF" name="test_invoice_pdf_download" time="0.489" /><testcase classname="tests.test_finance_features_iter31.TestInvoiceValidation" name="test_invoice_total_matches_line_items_plus_adjustments" time="0.638" /><testcase classname="tests.test_finance_features_iter31.TestClientRateAutoPopulate" name="test_client_has_vat_and_rate" time="0.520" /><testcase classname="tests.test_finance_features_iter31.TestClientRateAutoPopulate" name="test_client_rate_endpoint" time="0.563" /></testsuite></testsuites>