<?xml version="1.0" encoding="utf-8"?><testsuites name="pytest tests"><testsuite name="pytest" errors="0" failures="0" skipped="0" tests="31" time="6.610" timestamp="2026-02-14T16:40:13.734790+00:00" hostname="agent-env-410fca8b-b300-46a4-bd97-55700dc1d1f1"><testcase classname="backend.tests.test_finance_hub.TestInvoicesEnhanced" name="test_list_invoices_enhanced_success" time="0.309" /><testcase classname="backend.tests.test_finance_hub.TestInvoicesEnhanced" name="test_filter_by_status_draft" time="0.160" /><testcase classname="backend.tests.test_finance_hub.TestInvoicesEnhanced" name="test_filter_by_status_sent" time="0.160" /><testcase classname="backend.tests.test_finance_hub.TestInvoicesEnhanced" name="test_filter_by_trip" time="0.128" /><testcase classname="backend.tests.test_finance_hub.TestInvoicesEnhanced" name="test_sort_by_newest" time="0.125" /><testcase classname="backend.tests.test_finance_hub.TestInvoicesEnhanced" name="test_sort_by_amount_high" time="0.130" /><testcase classname="backend.tests.test_finance_hub.TestInvoicesEnhanced" name="test_unauthorized_access" time="0.096" /><testcase classname="backend.tests.test_finance_hub.TestInvoiceFull" name="test_get_invoice_full_success" time="0.124" /><testcase classname="backend.tests.test_finance_hub.TestInvoiceFull" name="test_get_sent_invoice_full" time="0.112" /><testcase classname="backend.tests.test_finance_hub.TestInvoiceFull" name="test_invoice_full_404" time="0.116" /><testcase classname="backend.tests.test_finance_hub.TestInvoiceFull" name="test_invoice_full_unauthorized" time="0.153" /><testcase classname="backend.tests.test_finance_hub.TestCreateInvoice" name="test_create_invoice_success" time="0.411" /><testcase classname="backend.tests.test_finance_hub.TestCreateInvoice" name="test_create_invoice_minimal" time="0.318" /><testcase classname="backend.tests.test_finance_hub.TestCreateInvoice" name="test_create_invoice_invalid_client" time="0.170" /><testcase classname="backend.tests.test_finance_hub.TestFinalizeInvoice" name="test_finalize_draft_invoice" time="0.375" /><testcase classname="backend.tests.test_finance_hub.TestFinalizeInvoice" name="test_finalize_sent_invoice_fails" time="0.121" /><testcase classname="backend.tests.test_finance_hub.TestFinalizeInvoice" name="test_finalize_404" time="0.472" /><testcase classname="backend.tests.test_finance_hub.TestRecordPayment" name="test_record_payment_success" time="0.245" /><testcase classname="backend.tests.test_finance_hub.TestRecordPayment" name="test_record_payment_full" time="0.459" /><testcase classname="backend.tests.test_finance_hub.TestRecordPayment" name="test_record_payment_invalid_amount" time="0.161" /><testcase classname="backend.tests.test_finance_hub.TestRecordPayment" name="test_record_payment_exceeds_outstanding" time="0.270" /><testcase classname="backend.tests.test_finance_hub.TestLogWhatsApp" name="test_log_whatsapp_success" time="0.130" /><testcase classname="backend.tests.test_finance_hub.TestLogWhatsApp" name="test_log_whatsapp_404" time="0.142" /><testcase classname="backend.tests.test_finance_hub.TestTripsDropdown" name="test_trips_dropdown_success" time="0.115" /><testcase classname="backend.tests.test_finance_hub.TestTripsDropdown" name="test_trips_dropdown_unauthorized" time="0.128" /><testcase classname="backend.tests.test_finance_hub.TestParcelsForInvoice" name="test_parcels_for_invoice_success" time="0.110" /><testcase classname="backend.tests.test_finance_hub.TestParcelsForInvoice" name="test_parcels_for_invoice_filter_by_client" time="0.108" /><testcase classname="backend.tests.test_finance_hub.TestParcelsForInvoice" name="test_parcels_for_invoice_404" time="0.121" /><testcase classname="backend.tests.test_finance_hub.TestInvoiceAdjustments" name="test_add_adjustment_to_draft" time="0.462" /><testcase classname="backend.tests.test_finance_hub.TestInvoiceAdjustments" name="test_add_adjustment_to_sent_fails" time="0.197" /><testcase classname="backend.tests.test_finance_hub.TestInvoiceLineItems" name="test_add_line_item_to_draft" time="0.386" /></testsuite></testsuites>