<?xml version="1.0" encoding="utf-8"?><testsuites name="pytest tests"><testsuite name="pytest" errors="0" failures="0" skipped="0" tests="22" time="2.427" timestamp="2026-02-13T21:42:11.372973+00:00" hostname="agent-env-bdc788e7-ba1c-4884-9a2a-e125ba88470f"><testcase classname="backend.tests.test_fleet.TestHealthAndAuth" name="test_api_health" time="0.362" /><testcase classname="backend.tests.test_fleet.TestHealthAndAuth" name="test_auth_me" time="0.078" /><testcase classname="backend.tests.test_fleet.TestVehiclesCRUD" name="test_create_vehicle" time="0.079" /><testcase classname="backend.tests.test_fleet.TestVehiclesCRUD" name="test_list_vehicles" time="0.097" /><testcase classname="backend.tests.test_fleet.TestVehiclesCRUD" name="test_get_vehicle" time="0.096" /><testcase classname="backend.tests.test_fleet.TestVehiclesCRUD" name="test_update_vehicle" time="0.074" /><testcase classname="backend.tests.test_fleet.TestVehiclesCRUD" name="test_get_vehicle_not_found" time="0.112" /><testcase classname="backend.tests.test_fleet.TestVehicleCompliance" name="test_add_compliance_to_vehicle" time="0.110" /><testcase classname="backend.tests.test_fleet.TestVehicleCompliance" name="test_add_overdue_compliance" time="0.075" /><testcase classname="backend.tests.test_fleet.TestVehicleCompliance" name="test_get_vehicle_with_compliance" time="0.057" /><testcase classname="backend.tests.test_fleet.TestVehicleCompliance" name="test_delete_compliance_item" time="0.074" /><testcase classname="backend.tests.test_fleet.TestDriversCRUD" name="test_create_driver" time="0.101" /><testcase classname="backend.tests.test_fleet.TestDriversCRUD" name="test_list_drivers" time="0.064" /><testcase classname="backend.tests.test_fleet.TestDriversCRUD" name="test_get_driver" time="0.069" /><testcase classname="backend.tests.test_fleet.TestDriversCRUD" name="test_update_driver" time="0.103" /><testcase classname="backend.tests.test_fleet.TestDriversCRUD" name="test_get_driver_not_found" time="0.094" /><testcase classname="backend.tests.test_fleet.TestDriverCompliance" name="test_add_compliance_to_driver" time="0.063" /><testcase classname="backend.tests.test_fleet.TestDriverCompliance" name="test_add_expiring_soon_compliance" time="0.077" /><testcase classname="backend.tests.test_fleet.TestDriverCompliance" name="test_delete_driver_compliance" time="0.083" /><testcase classname="backend.tests.test_fleet.TestRemindersAggregation" name="test_get_reminders" time="0.089" /><testcase classname="backend.tests.test_fleet.TestCleanup" name="test_delete_vehicle" time="0.176" /><testcase classname="backend.tests.test_fleet.TestCleanup" name="test_delete_driver" time="0.120" /></testsuite></testsuites>