<?xml version="1.0" encoding="utf-8"?><testsuites name="pytest tests"><testsuite name="pytest" errors="0" failures="0" skipped="0" tests="7" time="1.858" timestamp="2026-02-19T23:40:36.610456+00:00" hostname="agent-env-fbaebf06-cd4b-4679-b6f0-8739c3d9dfc4"><testcase classname="backend.tests.test_invoice_workflow_bugs.TestShipmentEndpoints" name="test_list_shipments_not_invoiced_filter" time="0.528" /><testcase classname="backend.tests.test_invoice_workflow_bugs.TestShipmentEndpoints" name="test_patch_shipment_clear_invoice_id" time="0.253" /><testcase classname="backend.tests.test_invoice_workflow_bugs.TestShipmentEndpoints" name="test_get_shipment_detail" time="0.245" /><testcase classname="backend.tests.test_invoice_workflow_bugs.TestInvoiceEndpoints" name="test_list_invoices" time="0.152" /><testcase classname="backend.tests.test_invoice_workflow_bugs.TestInvoiceEndpoints" name="test_trip_parcels_endpoint" time="0.335" /><testcase classname="backend.tests.test_invoice_workflow_bugs.TestWarehouseEndpoints" name="test_warehouse_parcels_list" time="0.118" /><testcase classname="backend.tests.test_invoice_workflow_bugs.TestWarehouseEndpoints" name="test_warehouse_parcel_detail" time="0.167" /></testsuite></testsuites>