<?xml version="1.0" encoding="utf-8"?><testsuites name="pytest tests"><testsuite name="pytest" errors="0" failures="0" skipped="0" tests="20" time="4.240" timestamp="2026-02-19T14:11:50.819578+00:00" hostname="agent-env-8ac50792-44c2-482c-be1b-198a4e60346c"><testcase classname="backend.tests.test_invoice_workflow.TestInvoiceWorkflow" name="test_invoice_search_endpoint_exists" time="0.578" /><testcase classname="backend.tests.test_invoice_workflow.TestInvoiceWorkflow" name="test_invoice_search_by_status" time="0.068" /><testcase classname="backend.tests.test_invoice_workflow.TestInvoiceWorkflow" name="test_invoice_search_by_query" time="0.129" /><testcase classname="backend.tests.test_invoice_workflow.TestInvoiceWorkflow" name="test_invoice_search_by_client_id" time="0.159" /><testcase classname="backend.tests.test_invoice_workflow.TestInvoiceWorkflow" name="test_invoice_search_response_format" time="0.096" /><testcase classname="backend.tests.test_invoice_workflow.TestInvoiceWorkflow" name="test_trip_parcels_endpoint_exists" time="0.131" /><testcase classname="backend.tests.test_invoice_workflow.TestInvoiceWorkflow" name="test_trip_parcels_response_format" time="0.106" /><testcase classname="backend.tests.test_invoice_workflow.TestInvoiceWorkflow" name="test_trip_parcels_includes_dimensions" time="0.062" /><testcase classname="backend.tests.test_invoice_workflow.TestInvoiceWorkflow" name="test_trip_parcels_includes_recipient_fields" time="0.085" /><testcase classname="backend.tests.test_invoice_workflow.TestInvoiceWorkflow" name="test_create_invoice_with_payment_terms" time="0.136" /><testcase classname="backend.tests.test_invoice_workflow.TestInvoiceWorkflow" name="test_create_invoice_with_custom_payment_terms" time="0.116" /><testcase classname="backend.tests.test_invoice_workflow.TestInvoiceWorkflow" name="test_all_payment_terms_options" time="0.601" /><testcase classname="backend.tests.test_invoice_workflow.TestInvoiceWorkflow" name="test_create_shipment_with_invoice_id" time="0.312" /><testcase classname="backend.tests.test_invoice_workflow.TestInvoiceWorkflow" name="test_create_shipment_with_recipient_fields" time="0.125" /><testcase classname="backend.tests.test_invoice_workflow.TestInvoiceWorkflow" name="test_create_shipment_with_dimensions" time="0.114" /><testcase classname="backend.tests.test_invoice_workflow.TestInvoiceWorkflow" name="test_invoice_pdf_with_client_details" time="0.214" /><testcase classname="backend.tests.test_invoice_workflow.TestInvoiceWorkflow" name="test_invoice_pdf_with_payment_terms" time="0.199" /><testcase classname="backend.tests.test_invoice_workflow.TestInvoiceWorkflow" name="test_reassign_parcels_endpoint_exists" time="0.193" /><testcase classname="backend.tests.test_invoice_workflow.TestInvoiceWorkflow" name="test_reassign_parcel_to_invoice" time="0.585" /><testcase classname="backend.tests.test_invoice_workflow.TestInvoiceWorkflow" name="test_invoice_line_item_enhanced_fields" time="0.173" /></testsuite></testsuites>