<?xml version="1.0" encoding="utf-8"?><testsuites name="pytest tests"><testsuite name="pytest" errors="0" failures="0" skipped="0" tests="10" time="3.643" timestamp="2026-02-14T20:24:13.244124+00:00" hostname="agent-env-410fca8b-b300-46a4-bd97-55700dc1d1f1"><testcase classname="backend.tests.test_invoice_bugs.TestBug2ClientRate" name="test_client_rate_endpoint_returns_rate" time="0.168" /><testcase classname="backend.tests.test_invoice_bugs.TestBug2ClientRate" name="test_client_rate_handles_date_formats" time="0.127" /><testcase classname="backend.tests.test_invoice_bugs.TestBug1LineItemsFromParcels" name="test_parcels_for_invoice_returns_data" time="0.195" /><testcase classname="backend.tests.test_invoice_bugs.TestBug1LineItemsFromParcels" name="test_parcel_data_for_line_item_creation" time="0.127" /><testcase classname="backend.tests.test_invoice_bugs.TestBug3TotalCalculation" name="test_line_item_amount_calculation" time="0.439" /><testcase classname="backend.tests.test_invoice_bugs.TestBug3TotalCalculation" name="test_subtotal_is_sum_of_line_items" time="0.699" /><testcase classname="backend.tests.test_invoice_bugs.TestBug3TotalCalculation" name="test_total_with_adjustments" time="0.686" /><testcase classname="backend.tests.test_invoice_bugs.TestBug4CurrencyToggle" name="test_invoice_stores_base_currency" time="0.630" /><testcase classname="backend.tests.test_invoice_bugs.TestBug4CurrencyToggle" name="test_currency_conversion_display_only" time="0.000" /><testcase classname="backend.tests.test_invoice_bugs.TestInvoiceFinalize" name="test_finalize_changes_status_to_sent" time="0.501" /></testsuite></testsuites>