<?xml version="1.0" encoding="utf-8"?><testsuites name="pytest tests"><testsuite name="pytest" errors="0" failures="0" skipped="0" tests="15" time="5.382" timestamp="2026-02-17T21:32:48.132337+00:00" hostname="agent-env-a5a9c8e0-d819-4dcd-b38e-00a337a5bc30"><testcase classname="tests.test_iteration27.TestAuth" name="test_login_success" time="0.499" /><testcase classname="tests.test_iteration27.TestDashboard" name="test_dashboard_shows_55_clients" time="0.544" /><testcase classname="tests.test_iteration27.TestDashboard" name="test_clients_count_matches" time="0.166" /><testcase classname="tests.test_iteration27.TestDashboard" name="test_shipments_exist" time="0.158" /><testcase classname="tests.test_iteration27.TestDefaultRate" name="test_tenant_has_default_rate_value" time="0.592" /><testcase classname="tests.test_iteration27.TestDefaultRate" name="test_all_clients_have_default_rate" time="0.080" /><testcase classname="tests.test_iteration27.TestScannerRemoved" name="test_permissions_do_not_include_scanner" time="0.416" /><testcase classname="tests.test_iteration27.TestImportCSV" name="test_warehouses_exist_for_import" time="0.517" /><testcase classname="tests.test_iteration27.TestNotesSystem" name="test_create_note_with_mention" time="0.669" /><testcase classname="tests.test_iteration27.TestNotesSystem" name="test_list_notes_for_entity" time="0.191" /><testcase classname="tests.test_iteration27.TestNotesSystem" name="test_delete_note" time="0.266" /><testcase classname="tests.test_iteration27.TestNotifications" name="test_get_notifications" time="0.504" /><testcase classname="tests.test_iteration27.TestNotifications" name="test_get_unread_count" time="0.062" /><testcase classname="tests.test_iteration27.TestSettingsPersistence" name="test_tenant_settings_persist" time="0.440" /><testcase classname="tests.test_iteration27.TestSettingsPersistence" name="test_update_pricing_and_verify" time="0.212" /></testsuite></testsuites>