<?xml version="1.0" encoding="utf-8"?><testsuites name="pytest tests"><testsuite name="pytest" errors="0" failures="0" skipped="1" tests="7" time="1.375" timestamp="2026-02-20T10:13:31.258739+00:00" hostname="agent-env-fbaebf06-cd4b-4679-b6f0-8739c3d9dfc4"><testcase classname="backend.tests.test_loading_workflow_iter35.TestTripStatusTransitions" name="test_trip_update_to_in_transit_sets_actual_departure" time="0.605" /><testcase classname="backend.tests.test_loading_workflow_iter35.TestTripStatusTransitions" name="test_trip_update_to_delivered_sets_actual_arrival" time="0.154" /><testcase classname="backend.tests.test_loading_workflow_iter35.TestInvoiceDimensionsPersistence" name="test_invoice_update_saves_line_item_dimensions" time="0.218" /><testcase classname="backend.tests.test_loading_workflow_iter35.TestWarehouseInvoiceColumn" name="test_warehouse_parcels_include_invoice_info" time="0.057" /><testcase classname="backend.tests.test_loading_workflow_iter35.TestLoadingPageInvoiceCheck" name="test_shipments_endpoint_returns_invoice_info" time="0.050"><skipped type="pytest.skip" message="No trips in loading status found">/app/backend/tests/test_loading_workflow_iter35.py:251: No trips in loading status found</skipped></testcase><testcase classname="backend.tests.test_loading_workflow_iter35.TestLoadingPageInvoiceCheck" name="test_bulk_status_update_endpoint_exists" time="0.050" /><testcase classname="backend.tests.test_loading_workflow_iter35.TestTripParcelsInvoiceInfo" name="test_trip_parcels_for_invoicing_returns_invoice_status" time="0.132" /></testsuite></testsuites>