<?xml version="1.0" encoding="utf-8"?><testsuites name="pytest tests"><testsuite name="pytest" errors="0" failures="0" skipped="0" tests="14" time="4.719" timestamp="2026-02-20T13:02:27.424209+00:00" hostname="agent-env-64917dd0-cca2-4783-9f7b-50693a516992"><testcase classname="backend.tests.test_new_features_iter37.TestBarcodeScanPartialParcelId" name="test_scan_with_full_parcel_id" time="0.791" /><testcase classname="backend.tests.test_new_features_iter37.TestBarcodeScanPartialParcelId" name="test_scan_with_partial_parcel_id_8chars" time="0.102" /><testcase classname="backend.tests.test_new_features_iter37.TestBarcodeScanPartialParcelId" name="test_scan_with_partial_parcel_id_lowercase" time="0.128" /><testcase classname="backend.tests.test_new_features_iter37.TestBarcodeScanPartialParcelId" name="test_scan_invalid_barcode_returns_404" time="0.091" /><testcase classname="backend.tests.test_new_features_iter37.TestTripDestinationWarehouse" name="test_trip_schema_has_destination_warehouse_field" time="0.564" /><testcase classname="backend.tests.test_new_features_iter37.TestTripDestinationWarehouse" name="test_trip_without_destination_warehouse" time="0.166" /><testcase classname="backend.tests.test_new_features_iter37.TestTripDestinationWarehouse" name="test_trip_update_destination_warehouse" time="0.469" /><testcase classname="backend.tests.test_new_features_iter37.TestWarehouseCollectionScanner" name="test_scan_collect_with_full_parcel_id" time="0.694" /><testcase classname="backend.tests.test_new_features_iter37.TestWarehouseCollectionScanner" name="test_scan_collect_with_partial_parcel_id" time="0.060" /><testcase classname="backend.tests.test_new_features_iter37.TestWarehouseCollectionScanner" name="test_scan_collect_non_arrived_parcel_fails" time="0.185" /><testcase classname="backend.tests.test_new_features_iter37.TestWarehouseCollectionScanner" name="test_scan_collect_invalid_parcel_id" time="0.068" /><testcase classname="backend.tests.test_new_features_iter37.TestWarehouseCollectionScanner" name="test_scan_collect_empty_barcode" time="0.059" /><testcase classname="backend.tests.test_new_features_iter37.TestBulkStatusUpdateWithArrived" name="test_bulk_status_to_arrived_moves_to_destination_warehouse" time="0.693" /><testcase classname="backend.tests.test_new_features_iter37.TestLoadingPageBarcodeScan" name="test_pieces_scan_endpoint_returns_shipment_and_piece" time="0.586" /></testsuite></testsuites>