<?xml version="1.0" encoding="utf-8"?><testsuites name="pytest tests"><testsuite name="pytest" errors="0" failures="0" skipped="1" tests="7" time="4.521" timestamp="2026-02-17T17:48:56.316722+00:00" hostname="agent-env-a5a9c8e0-d819-4dcd-b38e-00a337a5bc30"><testcase classname="backend.tests.test_parcel_intake_bugfix.TestShipmentCreationBugFix" name="test_create_single_shipment_success" time="0.780" /><testcase classname="backend.tests.test_parcel_intake_bugfix.TestShipmentCreationBugFix" name="test_create_shipment_with_trip_assignment" time="0.227"><skipped type="pytest.skip" message="Could not create trip for test">/app/backend/tests/test_parcel_intake_bugfix.py:172: Could not create trip for test</skipped></testcase><testcase classname="backend.tests.test_parcel_intake_bugfix.TestMultipleParcelSave" name="test_create_multiple_shipments_no_duplicates" time="0.720" /><testcase classname="backend.tests.test_parcel_intake_bugfix.TestPieceCreation" name="test_create_piece_with_dimensions" time="0.303" /><testcase classname="backend.tests.test_parcel_intake_bugfix.TestPhotoUpload" name="test_upload_photo_to_parcel" time="0.594" /><testcase classname="backend.tests.test_parcel_intake_bugfix.TestAuditLogCreation" name="test_shipment_creates_audit_log" time="0.832" /><testcase classname="backend.tests.test_parcel_intake_bugfix.TestIntegrationFlow" name="test_full_parcel_intake_flow" time="0.996" /></testsuite></testsuites>