<?xml version="1.0" encoding="utf-8"?><testsuites name="pytest tests"><testsuite name="pytest" errors="0" failures="0" skipped="0" tests="18" time="4.575" timestamp="2026-02-14T09:31:02.930555+00:00" hostname="agent-env-bdc788e7-ba1c-4884-9a2a-e125ba88470f"><testcase classname="backend.tests.test_parcel_intake.TestClientAPIs" name="test_list_clients_empty_initially" time="0.684" /><testcase classname="backend.tests.test_parcel_intake.TestClientAPIs" name="test_create_client_inline" time="0.153" /><testcase classname="backend.tests.test_parcel_intake.TestClientAPIs" name="test_create_client_with_full_details" time="0.160" /><testcase classname="backend.tests.test_parcel_intake.TestClientAPIs" name="test_list_clients_after_creation" time="0.101" /><testcase classname="backend.tests.test_parcel_intake.TestShipmentAPIs" name="test_create_shipment_with_required_fields" time="0.165" /><testcase classname="backend.tests.test_parcel_intake.TestShipmentAPIs" name="test_create_shipment_with_cbm" time="0.168" /><testcase classname="backend.tests.test_parcel_intake.TestShipmentAPIs" name="test_create_shipment_invalid_client" time="0.107" /><testcase classname="backend.tests.test_parcel_intake.TestShipmentPieceAPIs" name="test_create_piece_with_dimensions" time="0.218" /><testcase classname="backend.tests.test_parcel_intake.TestShipmentPieceAPIs" name="test_create_multiple_pieces" time="0.599" /><testcase classname="backend.tests.test_parcel_intake.TestShipmentPieceAPIs" name="test_create_piece_invalid_shipment" time="0.102" /><testcase classname="backend.tests.test_parcel_intake.TestShipmentPieceAPIs" name="test_barcode_generation" time="0.286" /><testcase classname="backend.tests.test_parcel_intake.TestShipmentCRUD" name="test_get_shipment_by_id" time="0.232" /><testcase classname="backend.tests.test_parcel_intake.TestShipmentCRUD" name="test_list_shipments" time="0.099" /><testcase classname="backend.tests.test_parcel_intake.TestShipmentCRUD" name="test_list_shipments_by_status" time="0.099" /><testcase classname="backend.tests.test_parcel_intake.TestShipmentCRUD" name="test_update_shipment" time="0.230" /><testcase classname="backend.tests.test_parcel_intake.TestShipmentCRUD" name="test_delete_shipment" time="0.270" /><testcase classname="backend.tests.test_parcel_intake.TestAuthRequired" name="test_clients_requires_auth" time="0.216" /><testcase classname="backend.tests.test_parcel_intake.TestAuthRequired" name="test_shipments_requires_auth" time="0.556" /></testsuite></testsuites>