<?xml version="1.0" encoding="utf-8"?><testsuites name="pytest tests"><testsuite name="pytest" errors="0" failures="0" skipped="0" tests="12" time="3.159" timestamp="2026-02-14T20:39:14.860107+00:00" hostname="agent-env-410fca8b-b300-46a4-bd97-55700dc1d1f1"><testcase classname="backend.tests.test_pdf_invoice.TestPDFInvoiceGeneration" name="test_pdf_endpoint_returns_pdf_content_type" time="0.494" /><testcase classname="backend.tests.test_pdf_invoice.TestPDFInvoiceGeneration" name="test_pdf_endpoint_returns_pdf_blob" time="0.380" /><testcase classname="backend.tests.test_pdf_invoice.TestPDFInvoiceGeneration" name="test_pdf_contains_correct_filename_header" time="0.356" /><testcase classname="backend.tests.test_pdf_invoice.TestPDFInvoiceGeneration" name="test_pdf_for_paid_invoice" time="0.297" /><testcase classname="backend.tests.test_pdf_invoice.TestPDFInvoiceGeneration" name="test_pdf_for_partial_payment_invoice" time="0.304" /><testcase classname="backend.tests.test_pdf_invoice.TestPDFInvoiceGeneration" name="test_pdf_for_invoice_with_adjustments" time="0.278" /><testcase classname="backend.tests.test_pdf_invoice.TestPDFInvoiceGeneration" name="test_pdf_not_found_for_invalid_invoice" time="0.135" /><testcase classname="backend.tests.test_pdf_invoice.TestPDFInvoiceGeneration" name="test_pdf_requires_authentication" time="0.109" /><testcase classname="backend.tests.test_pdf_invoice.TestPDFContentValidation" name="test_pdf_is_valid_reportlab_document" time="0.304" /><testcase classname="backend.tests.test_pdf_invoice.TestPDFContentValidation" name="test_pdf_has_reasonable_size" time="0.301" /><testcase classname="backend.tests.test_pdf_invoice.TestInvoiceDataEndpoint" name="test_invoice_full_endpoint_has_required_fields" time="0.138" /><testcase classname="backend.tests.test_pdf_invoice.TestLogoFile" name="test_logo_file_exists_on_server" time="0.000" /></testsuite></testsuites>