<?xml version="1.0" encoding="utf-8"?><testsuites name="pytest tests"><testsuite name="pytest" errors="0" failures="0" skipped="0" tests="10" time="1.762" timestamp="2026-02-14T14:41:02.921783+00:00" hostname="agent-env-271dc0a5-e883-4bfb-8afa-b4caf5bc408c"><testcase classname="tests.test_photos_and_rebrand.TestPhotoEndpoints" name="test_api_health_shows_servex_branding" time="0.255" /><testcase classname="tests.test_photos_and_rebrand.TestPhotoEndpoints" name="test_upload_photo_to_parcel_piece" time="0.150" /><testcase classname="tests.test_photos_and_rebrand.TestPhotoEndpoints" name="test_upload_photo_to_specific_piece" time="0.127" /><testcase classname="tests.test_photos_and_rebrand.TestPhotoEndpoints" name="test_get_parcel_shows_photos_in_pieces" time="0.110" /><testcase classname="tests.test_photos_and_rebrand.TestPhotoEndpoints" name="test_delete_photo_from_piece" time="0.404" /><testcase classname="tests.test_photos_and_rebrand.TestPhotoEndpoints" name="test_upload_photo_invalid_parcel_returns_404" time="0.107" /><testcase classname="tests.test_photos_and_rebrand.TestPhotoEndpoints" name="test_delete_photo_invalid_parcel_returns_404" time="0.110" /><testcase classname="tests.test_photos_and_rebrand.TestPhotoEndpoints" name="test_delete_photo_invalid_piece_returns_404" time="0.142" /><testcase classname="tests.test_photos_and_rebrand.TestPhotoEndpoints" name="test_photo_upload_requires_auth" time="0.132" /><testcase classname="tests.test_photos_and_rebrand.TestPhotoEndpoints" name="test_photo_delete_requires_auth" time="0.117" /></testsuite></testsuites>