<?xml version="1.0" encoding="utf-8"?><testsuites name="pytest tests"><testsuite name="pytest" errors="0" failures="0" skipped="0" tests="20" time="3.725" timestamp="2026-02-17T20:53:19.640782+00:00" hostname="agent-env-a5a9c8e0-d819-4dcd-b38e-00a337a5bc30"><testcase classname="tests.test_servex_update.TestAuthentication" name="test_login_success" time="0.406" /><testcase classname="tests.test_servex_update.TestWarehouseManagement" name="test_list_warehouses" time="0.381" /><testcase classname="tests.test_servex_update.TestWarehouseManagement" name="test_create_warehouse" time="0.107" /><testcase classname="tests.test_servex_update.TestWarehouseManagement" name="test_update_warehouse" time="0.347" /><testcase classname="tests.test_servex_update.TestWarehouseManagement" name="test_delete_warehouse" time="0.267" /><testcase classname="tests.test_servex_update.TestCurrencyManagement" name="test_get_currencies" time="0.098" /><testcase classname="tests.test_servex_update.TestCurrencyManagement" name="test_add_currency" time="0.292" /><testcase classname="tests.test_servex_update.TestCurrencyManagement" name="test_delete_currency" time="0.129" /><testcase classname="tests.test_servex_update.TestCurrencyManagement" name="test_cannot_delete_base_currency" time="0.151" /><testcase classname="tests.test_servex_update.TestRecipientCRUD" name="test_list_recipients" time="0.123" /><testcase classname="tests.test_servex_update.TestRecipientCRUD" name="test_create_recipient" time="0.132" /><testcase classname="tests.test_servex_update.TestRecipientCRUD" name="test_update_recipient" time="0.241" /><testcase classname="tests.test_servex_update.TestRecipientCRUD" name="test_delete_recipient" time="0.259" /><testcase classname="tests.test_servex_update.TestTripDropdown" name="test_trips_list_all" time="0.101" /><testcase classname="tests.test_servex_update.TestTripDropdown" name="test_trips_filter_single_status" time="0.091" /><testcase classname="tests.test_servex_update.TestTripDropdown" name="test_trips_filter_comma_separated_status" time="0.122" /><testcase classname="tests.test_servex_update.TestDataManagement" name="test_data_reset_endpoint_exists" time="0.000" /><testcase classname="tests.test_servex_update.TestDashboardData" name="test_dashboard_shipment_count" time="0.093" /><testcase classname="tests.test_servex_update.TestDashboardData" name="test_dashboard_client_count" time="0.086" /><testcase classname="tests.test_servex_update.TestCleanup" name="test_cleanup_test_warehouses" time="0.236" /></testsuite></testsuites>