<?xml version="1.0" encoding="utf-8"?><testsuites name="pytest tests"><testsuite name="pytest" errors="0" failures="0" skipped="0" tests="19" time="2.759" timestamp="2026-02-17T17:12:12.821936+00:00" hostname="agent-env-43e37403-6691-4c65-877d-35df3c7c20ac"><testcase classname="backend.tests.test_settings_team_fleet.TestLogin" name="test_login_with_admin_credentials" time="0.481" /><testcase classname="backend.tests.test_settings_team_fleet.TestTeamEndpoints" name="test_list_users_includes_default_warehouse" time="0.090" /><testcase classname="backend.tests.test_settings_team_fleet.TestTeamEndpoints" name="test_list_warehouses" time="0.095" /><testcase classname="backend.tests.test_settings_team_fleet.TestTeamEndpoints" name="test_create_user_with_default_warehouse" time="0.388" /><testcase classname="backend.tests.test_settings_team_fleet.TestTeamEndpoints" name="test_update_user_default_warehouse" time="0.081" /><testcase classname="backend.tests.test_settings_team_fleet.TestTeamEndpoints" name="test_cleanup_test_user" time="0.116" /><testcase classname="backend.tests.test_settings_team_fleet.TestPermissionsEndpoints" name="test_get_permissions" time="0.076" /><testcase classname="backend.tests.test_settings_team_fleet.TestPermissionsEndpoints" name="test_owner_has_all_pages" time="0.109" /><testcase classname="backend.tests.test_settings_team_fleet.TestPermissionsEndpoints" name="test_update_permissions" time="0.406" /><testcase classname="backend.tests.test_settings_team_fleet.TestFleetComplianceAll" name="test_get_all_compliance_items" time="0.077" /><testcase classname="backend.tests.test_settings_team_fleet.TestFleetComplianceAll" name="test_compliance_items_sorted_by_expiry" time="0.095" /><testcase classname="backend.tests.test_settings_team_fleet.TestFleetComplianceAll" name="test_compliance_color_coding" time="0.075" /><testcase classname="backend.tests.test_settings_team_fleet.TestFleetComplianceFileUpload" name="test_create_vehicle_with_compliance_file" time="0.080" /><testcase classname="backend.tests.test_settings_team_fleet.TestFleetComplianceFileUpload" name="test_add_compliance_with_file" time="0.082" /><testcase classname="backend.tests.test_settings_team_fleet.TestFleetComplianceFileUpload" name="test_compliance_appears_in_all_list" time="0.094" /><testcase classname="backend.tests.test_settings_team_fleet.TestFleetComplianceFileUpload" name="test_cleanup_test_vehicle" time="0.096" /><testcase classname="backend.tests.test_settings_team_fleet.TestDriverComplianceFileUpload" name="test_create_driver_with_compliance_file" time="0.091" /><testcase classname="backend.tests.test_settings_team_fleet.TestDriverComplianceFileUpload" name="test_add_driver_compliance_with_file" time="0.093" /><testcase classname="backend.tests.test_settings_team_fleet.TestDriverComplianceFileUpload" name="test_cleanup_test_driver" time="0.072" /></testsuite></testsuites>