<?xml version="1.0" encoding="utf-8"?><testsuites name="pytest tests"><testsuite name="pytest" errors="0" failures="0" skipped="0" tests="18" time="6.000" timestamp="2026-02-17T16:42:30.000680+00:00" hostname="agent-env-43e37403-6691-4c65-877d-35df3c7c20ac"><testcase classname="backend.tests.test_trip_detail_improvements.TestTripDocumentsEndpoint" name="test_get_documents_empty" time="0.498" /><testcase classname="backend.tests.test_trip_detail_improvements.TestTripDocumentsEndpoint" name="test_upload_document" time="0.083" /><testcase classname="backend.tests.test_trip_detail_improvements.TestTripDocumentsEndpoint" name="test_get_documents_after_upload" time="0.083" /><testcase classname="backend.tests.test_trip_detail_improvements.TestTripDocumentsEndpoint" name="test_download_document" time="0.071" /><testcase classname="backend.tests.test_trip_detail_improvements.TestTripDocumentsEndpoint" name="test_delete_document" time="0.192" /><testcase classname="backend.tests.test_trip_detail_improvements.TestTripDocumentsEndpoint" name="test_get_documents_404_for_invalid_trip" time="0.069" /><testcase classname="backend.tests.test_trip_detail_improvements.TestTripDuplicateEndpoint" name="test_duplicate_trip" time="0.350" /><testcase classname="backend.tests.test_trip_detail_improvements.TestTripDuplicateEndpoint" name="test_verify_duplicated_trip" time="0.157" /><testcase classname="backend.tests.test_trip_detail_improvements.TestTripDuplicateEndpoint" name="test_cleanup_duplicated_trip" time="0.184" /><testcase classname="backend.tests.test_trip_detail_improvements.TestTripDuplicateEndpoint" name="test_duplicate_trip_404_for_invalid_trip" time="0.242" /><testcase classname="backend.tests.test_trip_detail_improvements.TestInvoiceReviewWorkflow" name="test_mark_invoice_reviewed" time="0.949" /><testcase classname="backend.tests.test_trip_detail_improvements.TestInvoiceReviewWorkflow" name="test_approve_and_send_invoice" time="0.811" /><testcase classname="backend.tests.test_trip_detail_improvements.TestInvoiceReviewWorkflow" name="test_mark_reviewed_404_for_invalid_invoice" time="0.405" /><testcase classname="backend.tests.test_trip_detail_improvements.TestInvoiceReviewWorkflow" name="test_approve_and_send_404_for_invalid_invoice" time="0.329" /><testcase classname="backend.tests.test_trip_detail_improvements.TestTeamMembersEndpoint" name="test_list_team_members" time="0.157" /><testcase classname="backend.tests.test_trip_detail_improvements.TestInvoiceComments" name="test_add_comment_to_invoice" time="0.396" /><testcase classname="backend.tests.test_trip_detail_improvements.TestInvoiceComments" name="test_list_invoice_comments" time="0.327" /><testcase classname="backend.tests.test_trip_detail_improvements.TestInvoiceComments" name="test_add_comment_with_mentions" time="0.632" /></testsuite></testsuites>