<?xml version="1.0" encoding="utf-8"?><testsuites name="pytest tests"><testsuite name="pytest" errors="0" failures="0" skipped="0" tests="21" time="3.568" timestamp="2026-02-14T15:54:05.944501+00:00" hostname="agent-env-410fca8b-b300-46a4-bd97-55700dc1d1f1"><testcase classname="backend.tests.test_trips.TestTripsWithStats" name="test_trips_with_stats_returns_list" time="0.191" /><testcase classname="backend.tests.test_trips.TestTripsWithStats" name="test_trips_with_stats_includes_required_fields" time="0.163" /><testcase classname="backend.tests.test_trips.TestTripsWithStats" name="test_trips_with_stats_filter_by_status_planning" time="0.125" /><testcase classname="backend.tests.test_trips.TestTripsWithStats" name="test_trips_with_stats_filter_by_status_loading" time="0.160" /><testcase classname="backend.tests.test_trips.TestTripsWithStats" name="test_trips_with_stats_filter_by_status_in_transit" time="0.347" /><testcase classname="backend.tests.test_trips.TestTripsWithStats" name="test_trips_with_stats_filter_by_status_closed" time="0.111" /><testcase classname="backend.tests.test_trips.TestTripsWithStats" name="test_trips_with_stats_includes_route_array" time="0.147" /><testcase classname="backend.tests.test_trips.TestTripsWithStats" name="test_trips_with_stats_requires_authentication" time="0.203" /><testcase classname="backend.tests.test_trips.TestTripsNextNumber" name="test_next_number_returns_s32" time="0.129" /><testcase classname="backend.tests.test_trips.TestTripsNextNumber" name="test_next_number_format" time="0.175" /><testcase classname="backend.tests.test_trips.TestTripsNextNumber" name="test_next_number_requires_authentication" time="0.108" /><testcase classname="backend.tests.test_trips.TestTripSummary" name="test_trip_summary_returns_complete_data" time="0.124" /><testcase classname="backend.tests.test_trips.TestTripSummary" name="test_trip_summary_trip_fields" time="0.111" /><testcase classname="backend.tests.test_trips.TestTripSummary" name="test_trip_summary_stats_fields" time="0.308" /><testcase classname="backend.tests.test_trips.TestTripSummary" name="test_trip_summary_404_for_nonexistent_trip" time="0.122" /><testcase classname="backend.tests.test_trips.TestTripSummary" name="test_trip_summary_requires_authentication" time="0.112" /><testcase classname="backend.tests.test_trips.TestTripCRUD" name="test_create_trip_success" time="0.235" /><testcase classname="backend.tests.test_trips.TestTripCRUD" name="test_create_trip_validates_route" time="0.239" /><testcase classname="backend.tests.test_trips.TestTripCRUD" name="test_create_trip_duplicate_number_fails" time="0.107" /><testcase classname="backend.tests.test_trips.TestTripsVehicleDriverInfo" name="test_trips_with_stats_includes_vehicle_info" time="0.106" /><testcase classname="backend.tests.test_trips.TestTripsVehicleDriverInfo" name="test_trips_with_stats_includes_driver_info" time="0.116" /></testsuite></testsuites>