<?xml version="1.0" encoding="utf-8"?><testsuites name="pytest tests"><testsuite name="pytest" errors="0" failures="0" skipped="2" tests="35" time="6.707" timestamp="2026-02-14T16:10:03.032443+00:00" hostname="agent-env-410fca8b-b300-46a4-bd97-55700dc1d1f1"><testcase classname="backend.tests.test_trip_detail.TestTripDetailOverview" name="test_trip_summary_success" time="0.295" /><testcase classname="backend.tests.test_trip_detail.TestTripDetailOverview" name="test_trip_summary_includes_vehicle_driver" time="0.160" /><testcase classname="backend.tests.test_trip_detail.TestTripDetailOverview" name="test_trip_summary_404_not_found" time="0.170" /><testcase classname="backend.tests.test_trip_detail.TestTripDetailOverview" name="test_trip_summary_401_unauthorized" time="0.106" /><testcase classname="backend.tests.test_trip_detail.TestTripDetailParcels" name="test_get_trip_parcels_all" time="0.289" /><testcase classname="backend.tests.test_trip_detail.TestTripDetailParcels" name="test_get_trip_parcels_filter_not_loaded" time="0.200" /><testcase classname="backend.tests.test_trip_detail.TestTripDetailParcels" name="test_get_trip_parcels_filter_loaded" time="0.121" /><testcase classname="backend.tests.test_trip_detail.TestTripDetailParcels" name="test_get_trip_parcels_filter_delivered" time="0.113" /><testcase classname="backend.tests.test_trip_detail.TestTripDetailParcels" name="test_remove_parcel_from_trip_404_not_found" time="0.114" /><testcase classname="backend.tests.test_trip_detail.TestTripDetailClientsSummary" name="test_get_clients_summary" time="0.127" /><testcase classname="backend.tests.test_trip_detail.TestTripDetailClientsSummary" name="test_clients_summary_404_not_found" time="0.119" /><testcase classname="backend.tests.test_trip_detail.TestTripDetailExpenses" name="test_get_trip_expenses" time="0.122" /><testcase classname="backend.tests.test_trip_detail.TestTripDetailExpenses" name="test_add_expense_fuel" time="0.231" /><testcase classname="backend.tests.test_trip_detail.TestTripDetailExpenses" name="test_add_expense_tolls" time="0.110" /><testcase classname="backend.tests.test_trip_detail.TestTripDetailExpenses" name="test_add_expense_border_fees" time="0.142" /><testcase classname="backend.tests.test_trip_detail.TestTripDetailExpenses" name="test_add_expense_repairs" time="0.147" /><testcase classname="backend.tests.test_trip_detail.TestTripDetailExpenses" name="test_add_expense_food" time="0.147" /><testcase classname="backend.tests.test_trip_detail.TestTripDetailExpenses" name="test_add_expense_accommodation" time="0.113" /><testcase classname="backend.tests.test_trip_detail.TestTripDetailExpenses" name="test_add_expense_other" time="0.125" /><testcase classname="backend.tests.test_trip_detail.TestTripDetailExpenses" name="test_delete_expense" time="0.216" /><testcase classname="backend.tests.test_trip_detail.TestTripDetailExpenses" name="test_delete_expense_404_not_found" time="0.846" /><testcase classname="backend.tests.test_trip_detail.TestTripDetailHistory" name="test_get_trip_history_all" time="0.211" /><testcase classname="backend.tests.test_trip_detail.TestTripDetailHistory" name="test_get_trip_history_filter_parcels" time="0.104" /><testcase classname="backend.tests.test_trip_detail.TestTripDetailHistory" name="test_get_trip_history_filter_expenses" time="0.129" /><testcase classname="backend.tests.test_trip_detail.TestTripDetailHistory" name="test_get_trip_history_filter_invoices" time="0.110" /><testcase classname="backend.tests.test_trip_detail.TestTripDetailHistory" name="test_get_trip_history_filter_status" time="0.133" /><testcase classname="backend.tests.test_trip_detail.TestTripDetailHistory" name="test_trip_history_404_not_found" time="0.112" /><testcase classname="backend.tests.test_trip_detail.TestTripCloseAndInvoices" name="test_close_trip_owner_only" time="0.235" /><testcase classname="backend.tests.test_trip_detail.TestTripCloseAndInvoices" name="test_close_trip_already_closed" time="0.123" /><testcase classname="backend.tests.test_trip_detail.TestTripCloseAndInvoices" name="test_close_trip_404_not_found" time="0.317" /><testcase classname="backend.tests.test_trip_detail.TestTripCloseAndInvoices" name="test_generate_invoices" time="0.148" /><testcase classname="backend.tests.test_trip_detail.TestTripCloseAndInvoices" name="test_generate_invoices_404_not_found" time="0.219" /><testcase classname="backend.tests.test_trip_detail.TestRouteAndAssignmentUpdate" name="test_update_route" time="0.228" /><testcase classname="backend.tests.test_trip_detail.TestRouteAndAssignmentUpdate" name="test_update_vehicle_assignment" time="0.232"><skipped type="pytest.skip" message="No vehicles available">/app/backend/tests/test_trip_detail.py:649: No vehicles available</skipped></testcase><testcase classname="backend.tests.test_trip_detail.TestRouteAndAssignmentUpdate" name="test_update_driver_assignment" time="0.289"><skipped type="pytest.skip" message="No drivers available">/app/backend/tests/test_trip_detail.py:673: No drivers available</skipped></testcase></testsuite></testsuites>