<?xml version="1.0" encoding="utf-8"?><testsuites name="pytest tests"><testsuite name="pytest" errors="0" failures="0" skipped="0" tests="16" time="10.403" timestamp="2026-02-19T14:33:51.608357+00:00" hostname="agent-env-a95dbcef-7c8e-47ef-b804-86863f3f45e4"><testcase classname="backend.tests.test_warehouse_loading.TestWarehouseLoadingFeatures" name="test_01_login_success" time="0.719" /><testcase classname="backend.tests.test_warehouse_loading.TestWarehouseLoadingFeatures" name="test_02_verify_shipment_endpoint_exists" time="0.857" /><testcase classname="backend.tests.test_warehouse_loading.TestWarehouseLoadingFeatures" name="test_03_unverify_shipment" time="0.775" /><testcase classname="backend.tests.test_warehouse_loading.TestWarehouseLoadingFeatures" name="test_04_verify_nonexistent_shipment_404" time="0.665" /><testcase classname="backend.tests.test_warehouse_loading.TestWarehouseLoadingFeatures" name="test_05_bulk_collect_arrived_parcels" time="0.847" /><testcase classname="backend.tests.test_warehouse_loading.TestWarehouseLoadingFeatures" name="test_06_bulk_collect_empty_list_fails" time="0.497" /><testcase classname="backend.tests.test_warehouse_loading.TestWarehouseLoadingFeatures" name="test_07_bulk_collect_non_arrived_skipped" time="0.731" /><testcase classname="backend.tests.test_warehouse_loading.TestWarehouseLoadingFeatures" name="test_08_warehouse_filters_include_clients" time="0.421" /><testcase classname="backend.tests.test_warehouse_loading.TestWarehouseLoadingFeatures" name="test_09_warehouse_parcels_client_filter" time="0.500" /><testcase classname="backend.tests.test_warehouse_loading.TestWarehouseLoadingFeatures" name="test_10_trip_status_to_loading" time="0.736" /><testcase classname="backend.tests.test_warehouse_loading.TestWarehouseLoadingFeatures" name="test_11_trip_status_to_in_transit" time="0.647" /><testcase classname="backend.tests.test_warehouse_loading.TestWarehouseLoadingFeatures" name="test_12_trip_status_to_delivered" time="0.538" /><testcase classname="backend.tests.test_warehouse_loading.TestWarehouseLoadingFeatures" name="test_13_bulk_status_change" time="0.705" /><testcase classname="backend.tests.test_warehouse_loading.TestWarehouseLoadingFeatures" name="test_14_list_shipments_by_status" time="0.425" /><testcase classname="backend.tests.test_warehouse_loading.TestWarehouseLoadingFeatures" name="test_15_list_shipments_by_trip" time="0.629" /><testcase classname="backend.tests.test_warehouse_loading.TestWarehouseLoadingFeatures" name="test_16_trip_parcels_for_invoice" time="0.625" /></testsuite></testsuites>