<?xml version="1.0" encoding="utf-8"?><testsuites name="pytest tests"><testsuite name="pytest" errors="0" failures="0" skipped="0" tests="11" time="3.219" timestamp="2026-02-17T15:47:30.398988+00:00" hostname="agent-env-43e37403-6691-4c65-877d-35df3c7c20ac"><testcase classname="backend.tests.test_warehouse_improvements.TestSearchByClientName" name="test_search_api_accepts_search_param" time="0.554" /><testcase classname="backend.tests.test_warehouse_improvements.TestSearchByClientName" name="test_search_handles_empty_query" time="0.060" /><testcase classname="backend.tests.test_warehouse_improvements.TestSearchByClientName" name="test_search_with_special_characters" time="0.068" /><testcase classname="backend.tests.test_warehouse_improvements.TestAuthMeDefaultWarehouse" name="test_auth_me_returns_default_warehouse" time="0.428" /><testcase classname="backend.tests.test_warehouse_improvements.TestAuthMeDefaultWarehouse" name="test_login_returns_default_warehouse" time="0.308" /><testcase classname="backend.tests.test_warehouse_improvements.TestWarehousesEndpoint" name="test_warehouses_endpoint_exists" time="0.530" /><testcase classname="backend.tests.test_warehouse_improvements.TestWarehousesEndpoint" name="test_warehouses_response_structure" time="0.107" /><testcase classname="backend.tests.test_warehouse_improvements.TestTripFilterSupport" name="test_filter_by_trip_unassigned" time="0.415" /><testcase classname="backend.tests.test_warehouse_improvements.TestTripFilterSupport" name="test_filter_by_all_trips" time="0.104" /><testcase classname="backend.tests.test_warehouse_improvements.TestWarehouseFiltersEndpoint" name="test_filters_returns_trips" time="0.520" /><testcase classname="backend.tests.test_warehouse_improvements.TestWarehouseFiltersEndpoint" name="test_filters_returns_clients" time="0.069" /></testsuite></testsuites>