<?xml version="1.0" encoding="utf-8"?><testsuites name="pytest tests"><testsuite name="pytest" errors="0" failures="0" skipped="0" tests="8" time="1.009" timestamp="2026-02-20T10:52:32.299628+00:00" hostname="agent-env-fbaebf06-cd4b-4679-b6f0-8739c3d9dfc4"><testcase classname="backend.tests.test_warehouse_sync_iter36.TestWarehouseParcelsInvoiceData" name="test_warehouse_parcels_includes_invoice_fields" time="0.413" /><testcase classname="backend.tests.test_warehouse_sync_iter36.TestWarehouseParcelsInvoiceData" name="test_warehouse_parcels_invoice_number_format" time="0.054" /><testcase classname="backend.tests.test_warehouse_sync_iter36.TestWarehouseParcelsInvoiceData" name="test_warehouse_parcels_invoice_status_values" time="0.054" /><testcase classname="backend.tests.test_warehouse_sync_iter36.TestShipmentsInvoiceData" name="test_shipments_includes_invoice_fields" time="0.051" /><testcase classname="backend.tests.test_warehouse_sync_iter36.TestWarehouseParcelsRefresh" name="test_cache_buster_parameter_accepted" time="0.057" /><testcase classname="backend.tests.test_warehouse_sync_iter36.TestWarehouseParcelsRefresh" name="test_refresh_returns_fresh_data" time="0.209" /><testcase classname="backend.tests.test_warehouse_sync_iter36.TestInvoiceEnrichmentLogic" name="test_invoiced_parcel_has_invoice_data" time="0.058" /><testcase classname="backend.tests.test_warehouse_sync_iter36.TestInvoiceEnrichmentLogic" name="test_non_invoiced_parcel_has_null_invoice_data" time="0.056" /></testsuite></testsuites>