<?xml version="1.0" encoding="utf-8"?><testsuites name="pytest tests"><testsuite name="pytest" errors="0" failures="0" skipped="0" tests="19" time="3.455" timestamp="2026-02-14T10:10:11.509387+00:00" hostname="agent-env-271dc0a5-e883-4bfb-8afa-b4caf5bc408c"><testcase classname="backend.tests.test_warehouse.TestWarehouseFilters" name="test_get_filter_options" time="0.350" /><testcase classname="backend.tests.test_warehouse.TestWarehouseParcels" name="test_list_parcels_default" time="0.063" /><testcase classname="backend.tests.test_warehouse.TestWarehouseParcels" name="test_list_parcels_with_enriched_data" time="0.530" /><testcase classname="backend.tests.test_warehouse.TestWarehouseParcels" name="test_list_parcels_pagination" time="0.227" /><testcase classname="backend.tests.test_warehouse.TestWarehouseParcels" name="test_filter_by_status" time="0.056" /><testcase classname="backend.tests.test_warehouse.TestWarehouseParcels" name="test_filter_by_multiple_statuses" time="0.055" /><testcase classname="backend.tests.test_warehouse.TestWarehouseParcels" name="test_sort_by_weight" time="0.056" /><testcase classname="backend.tests.test_warehouse.TestWarehouseParcels" name="test_search_filter" time="0.053" /><testcase classname="backend.tests.test_warehouse.TestWarehouseParcelDetail" name="test_get_parcel_detail" time="0.133" /><testcase classname="backend.tests.test_warehouse.TestWarehouseParcelDetail" name="test_get_parcel_not_found" time="0.054" /><testcase classname="backend.tests.test_warehouse.TestBulkStatusChange" name="test_bulk_status_change" time="0.299" /><testcase classname="backend.tests.test_warehouse.TestBulkStatusChange" name="test_bulk_status_missing_params" time="0.060" /><testcase classname="backend.tests.test_warehouse.TestBulkAssignTrip" name="test_bulk_assign_to_trip" time="0.283" /><testcase classname="backend.tests.test_warehouse.TestBulkAssignTrip" name="test_bulk_unassign_from_trip" time="0.250" /><testcase classname="backend.tests.test_warehouse.TestBulkAssignTrip" name="test_bulk_assign_trip_not_found" time="0.196" /><testcase classname="backend.tests.test_warehouse.TestBulkDelete" name="test_bulk_delete" time="0.319" /><testcase classname="backend.tests.test_warehouse.TestBulkDelete" name="test_bulk_delete_missing_ids" time="0.050" /><testcase classname="backend.tests.test_warehouse.TestAuthentication" name="test_warehouse_parcels_requires_auth" time="0.159" /><testcase classname="backend.tests.test_warehouse.TestAuthentication" name="test_warehouse_filters_requires_auth" time="0.115" /></testsuite></testsuites>